<?xml version="1.0" encoding="UTF-8"?><testsuite errors="1" failures="0" name="Yo como usuario pasajero, deseo hacer una compra de un tiquete aereo" skipped="0" tests="1" time="102.32" timestamp="2023-02-15 04:08:41"><testcase name="Compra exitosa de un tiquete aereo"><error message="element click intercepted: Element is not clickable at point (689, 638)&#10;  (Session info: chrome=103.0.5060.134)&#10;Build info: version: '3.141.59', revision: 'e82be7d358', time: '2018-11-14T08:17:03'&#10;System info: host: 'javier-VivoBook-ASUSLaptop-X509JB-X509JB', ip: '127.0.1.1', os.name: 'Linux', os.arch: 'amd64', os.version: '5.15.0-60-generic', java.version: '1.8.0_352'&#10;Driver info: org.openqa.selenium.chrome.ChromeDriver&#10;Capabilities {acceptInsecureCerts: false, browserName: chrome, browserVersion: 103.0.5060.134, chrome: {chromedriverVersion: 103.0.5060.134 (8ec6fce403b..., userDataDir: /tmp/.com.google.Chrome.3PvRCe}, goog:chromeOptions: {debuggerAddress: localhost:43803}, javascriptEnabled: true, networkConnectionEnabled: false, pageLoadStrategy: normal, platform: LINUX, platformName: LINUX, proxy: Proxy(), setWindowRect: true, strictFileInteractability: false, timeouts: {implicit: 0, pageLoad: 300000, script: 30000}, unhandledPromptBehavior: dismiss and notify, webauthn:extension:credBlob: true, webauthn:extension:largeBlob: true, webauthn:virtualAuthenticators: true}&#10;Session ID: 066378c8f0ebac21c7babe8a6d56259a&#10;Build info: version: '3.141.59', revision: 'e82be7d358', time: '2018-11-14T08:17:03'&#10;System info: host: 'javier-VivoBook-ASUSLaptop-X509JB-X509JB', ip: '127.0.1.1', os.name: 'Linux', os.arch: 'amd64', os.version: '5.15.0-60-generic', java.version: '1.8.0_352'&#10;Driver info: driver.version: unknown" type="org.openqa.selenium.ElementClickInterceptedException">element click intercepted: Element is not clickable at point (689, 638)
  (Session info: chrome=103.0.5060.134)
Build info: version: '3.141.59', revision: 'e82be7d358', time: '2018-11-14T08:17:03'
System info: host: 'javier-VivoBook-ASUSLaptop-X509JB-X509JB', ip: '127.0.1.1', os.name: 'Linux', os.arch: 'amd64', os.version: '5.15.0-60-generic', java.version: '1.8.0_352'
Driver info: org.openqa.selenium.chrome.ChromeDriver
Capabilities {acceptInsecureCerts: false, browserName: chrome, browserVersion: 103.0.5060.134, chrome: {chromedriverVersion: 103.0.5060.134 (8ec6fce403b..., userDataDir: /tmp/.com.google.Chrome.3PvRCe}, goog:chromeOptions: {debuggerAddress: localhost:43803}, javascriptEnabled: true, networkConnectionEnabled: false, pageLoadStrategy: normal, platform: LINUX, platformName: LINUX, proxy: Proxy(), setWindowRect: true, strictFileInteractability: false, timeouts: {implicit: 0, pageLoad: 300000, script: 30000}, unhandledPromptBehavior: dismiss and notify, webauthn:extension:credBlob: true, webauthn:extension:largeBlob: true, webauthn:virtualAuthenticators: true}
Session ID: 066378c8f0ebac21c7babe8a6d56259a
Build info: version: '3.141.59', revision: 'e82be7d358', time: '2018-11-14T08:17:03'
System info: host: 'javier-VivoBook-ASUSLaptop-X509JB-X509JB', ip: '127.0.1.1', os.name: 'Linux', os.arch: 'amd64', os.version: '5.15.0-60-generic', java.version: '1.8.0_352'
Driver info: driver.version: unknown</error><system-err>element click intercepted: Element is not clickable at point (689, 638)
  (Session info: chrome=103.0.5060.134)
Build info: version: '3.141.59', revision: 'e82be7d358', time: '2018-11-14T08:17:03'
System info: host: 'javier-VivoBook-ASUSLaptop-X509JB-X509JB', ip: '127.0.1.1', os.name: 'Linux', os.arch: 'amd64', os.version: '5.15.0-60-generic', java.version: '1.8.0_352'
Driver info: org.openqa.selenium.chrome.ChromeDriver
Capabilities {acceptInsecureCerts: false, browserName: chrome, browserVersion: 103.0.5060.134, chrome: {chromedriverVersion: 103.0.5060.134 (8ec6fce403b..., userDataDir: /tmp/.com.google.Chrome.3PvRCe}, goog:chromeOptions: {debuggerAddress: localhost:43803}, javascriptEnabled: true, networkConnectionEnabled: false, pageLoadStrategy: normal, platform: LINUX, platformName: LINUX, proxy: Proxy(), setWindowRect: true, strictFileInteractability: false, timeouts: {implicit: 0, pageLoad: 300000, script: 30000}, unhandledPromptBehavior: dismiss and notify, webauthn:extension:credBlob: true, webauthn:extension:largeBlob: true, webauthn:virtualAuthenticators: true}
Session ID: 066378c8f0ebac21c7babe8a6d56259a
Build info: version: '3.141.59', revision: 'e82be7d358', time: '2018-11-14T08:17:03'
System info: host: 'javier-VivoBook-ASUSLaptop-X509JB-X509JB', ip: '127.0.1.1', os.name: 'Linux', os.arch: 'amd64', os.version: '5.15.0-60-generic', java.version: '1.8.0_352'
Driver info: driver.version: unknown
PageObject.VivaPageObject.clicCheckBox4(VivaPageObject.java:362)
Steps.VivaSteps.set_infoPay(VivaSteps.java:79)
StepDefinitions.VivaStepsDefinitions.setDataPay(VivaStepsDefinitions.java:49)
✽.cargue la informacion PSE, debo ingresar NEQUI, Calle 49BB#82-31, check a los checkbox y continuar(src/test/resources/Feature/ticket.feature:11)
</system-err></testcase></testsuite>